2025-11-27 01:53:14,947 - INFO - 构建数据加载器...
2025-11-27 01:53:14,975 - INFO - 构建模型: attention
2025-11-27 01:53:15,665 - INFO - 模型参数总量: 1,751,335
2025-11-27 01:53:16,178 - INFO - 开始训练单目3D目标检测模型...
2025-11-27 01:53:16,178 - INFO - 使用设备: cuda
2025-11-27 01:53:16,178 - INFO - 训练集大小: 5984
2025-11-27 01:53:16,178 - INFO - 验证集大小: 1497
2025-11-27 01:55:18,347 - INFO - Train Epoch 1 | Avg Loss: 8.9961
2025-11-27 01:55:18,708 - INFO - 可视化结果保存到: /root/autodl-tmp/group project/visualizations/epoch_1_vis.png
2025-11-27 01:58:12,223 - INFO - Val Epoch 1 | Avg Loss: 7.5338
2025-11-27 01:58:12,224 - INFO - Val AP_0.5: 0.0000
2025-11-27 01:58:12,224 - INFO - Val AP_0.7: 0.0000
2025-11-27 01:58:12,224 - INFO - Val BEV_AP_0.5: 0.0000
2025-11-27 01:58:12,224 - INFO - Val BEV_AP_0.7: 0.0000
2025-11-27 01:58:12,283 - INFO - 保存模型检查点: /root/autodl-tmp/group project/checkpoints/best_model.pth
2025-11-27 01:59:41,579 - INFO - Train Epoch 2 | Avg Loss: 7.9995
2025-11-27 02:02:35,234 - INFO - Val Epoch 2 | Avg Loss: 7.1410
2025-11-27 02:02:35,236 - INFO - Val AP_0.5: 0.0000
2025-11-27 02:02:35,236 - INFO - Val AP_0.7: 0.0000
2025-11-27 02:02:35,236 - INFO - Val BEV_AP_0.5: 0.0000
2025-11-27 02:02:35,237 - INFO - Val BEV_AP_0.7: 0.0000
2025-11-27 02:02:35,350 - INFO - 保存模型检查点: /root/autodl-tmp/group project/checkpoints/best_model.pth
2025-11-27 02:04:01,869 - INFO - Train Epoch 3 | Avg Loss: 7.6658
2025-11-27 02:06:51,114 - INFO - Val Epoch 3 | Avg Loss: 7.0947
2025-11-27 02:06:51,115 - INFO - Val AP_0.5: 0.0000
2025-11-27 02:06:51,115 - INFO - Val AP_0.7: 0.0000
2025-11-27 02:06:51,115 - INFO - Val BEV_AP_0.5: 0.0000
2025-11-27 02:06:51,115 - INFO - Val BEV_AP_0.7: 0.0000
2025-11-27 02:06:51,183 - INFO - 保存模型检查点: /root/autodl-tmp/group project/checkpoints/best_model.pth
2025-11-27 02:08:19,102 - INFO - Train Epoch 4 | Avg Loss: 7.4477
2025-11-27 02:11:08,203 - INFO - Val Epoch 4 | Avg Loss: 7.0734
2025-11-27 02:11:08,204 - INFO - Val AP_0.5: 0.0000
2025-11-27 02:11:08,204 - INFO - Val AP_0.7: 0.0000
2025-11-27 02:11:08,204 - INFO - Val BEV_AP_0.5: 0.0000
2025-11-27 02:11:08,204 - INFO - Val BEV_AP_0.7: 0.0000
2025-11-27 02:11:08,278 - INFO - 保存模型检查点: /root/autodl-tmp/group project/checkpoints/best_model.pth
2025-11-27 02:12:37,115 - INFO - Train Epoch 5 | Avg Loss: 7.2037
2025-11-27 02:15:29,822 - INFO - Val Epoch 5 | Avg Loss: 7.4122
2025-11-27 02:15:29,824 - INFO - Val AP_0.5: 0.0000
2025-11-27 02:15:29,824 - INFO - Val AP_0.7: 0.0000
2025-11-27 02:15:29,824 - INFO - Val BEV_AP_0.5: 0.0000
2025-11-27 02:15:29,824 - INFO - Val BEV_AP_0.7: 0.0000
2025-11-27 02:15:29,824 - WARNING - 早停计数器: 1/8
2025-11-27 02:17:04,003 - INFO - Train Epoch 6 | Avg Loss: 6.9745
2025-11-27 02:17:04,324 - INFO - 可视化结果保存到: /root/autodl-tmp/group project/visualizations/epoch_6_vis.png
2025-11-27 02:19:56,859 - INFO - Val Epoch 6 | Avg Loss: 7.2442
2025-11-27 02:19:56,864 - INFO - Val AP_0.5: 0.0000
2025-11-27 02:19:56,864 - INFO - Val AP_0.7: 0.0000
2025-11-27 02:19:56,864 - INFO - Val BEV_AP_0.5: 0.0000
2025-11-27 02:19:56,864 - INFO - Val BEV_AP_0.7: 0.0000
2025-11-27 02:19:56,864 - WARNING - 早停计数器: 2/8
2025-11-27 02:21:41,983 - INFO - Train Epoch 7 | Avg Loss: 6.7365
2025-11-27 02:24:43,326 - INFO - Val Epoch 7 | Avg Loss: 6.6811
2025-11-27 02:24:43,330 - INFO - Val AP_0.5: 0.0000
2025-11-27 02:24:43,330 - INFO - Val AP_0.7: 0.0000
2025-11-27 02:24:43,331 - INFO - Val BEV_AP_0.5: 0.0000
2025-11-27 02:24:43,331 - INFO - Val BEV_AP_0.7: 0.0000
2025-11-27 02:24:43,443 - INFO - 保存模型检查点: /root/autodl-tmp/group project/checkpoints/best_model.pth
2025-11-27 02:26:13,724 - INFO - Train Epoch 8 | Avg Loss: 6.5780
2025-11-27 02:29:07,925 - INFO - Val Epoch 8 | Avg Loss: 6.5014
2025-11-27 02:29:07,929 - INFO - Val AP_0.5: 0.0000
2025-11-27 02:29:07,929 - INFO - Val AP_0.7: 0.0000
2025-11-27 02:29:07,929 - INFO - Val BEV_AP_0.5: 0.0000
2025-11-27 02:29:07,929 - INFO - Val BEV_AP_0.7: 0.0000
2025-11-27 02:29:08,019 - INFO - 保存模型检查点: /root/autodl-tmp/group project/checkpoints/best_model.pth
2025-11-27 02:30:38,140 - INFO - Train Epoch 9 | Avg Loss: 6.3751
2025-11-27 02:33:32,386 - INFO - Val Epoch 9 | Avg Loss: 7.0858
2025-11-27 02:33:32,388 - INFO - Val AP_0.5: 0.0000
2025-11-27 02:33:32,389 - INFO - Val AP_0.7: 0.0000
2025-11-27 02:33:32,389 - INFO - Val BEV_AP_0.5: 0.0000
2025-11-27 02:33:32,389 - INFO - Val BEV_AP_0.7: 0.0000
2025-11-27 02:33:32,389 - WARNING - 早停计数器: 1/8
2025-11-27 02:35:13,639 - INFO - Train Epoch 10 | Avg Loss: 6.1433
2025-11-27 02:38:10,021 - INFO - Val Epoch 10 | Avg Loss: 7.2855
2025-11-27 02:38:10,024 - INFO - Val AP_0.5: 0.0000
2025-11-27 02:38:10,024 - INFO - Val AP_0.7: 0.0000
2025-11-27 02:38:10,024 - INFO - Val BEV_AP_0.5: 0.0000
2025-11-27 02:38:10,024 - INFO - Val BEV_AP_0.7: 0.0000
2025-11-27 02:38:10,024 - WARNING - 早停计数器: 2/8
2025-11-27 02:39:40,050 - INFO - Train Epoch 11 | Avg Loss: 6.0045
2025-11-27 02:39:40,371 - INFO - 可视化结果保存到: /root/autodl-tmp/group project/visualizations/epoch_11_vis.png
2025-11-27 02:42:33,931 - INFO - Val Epoch 11 | Avg Loss: 6.0569
2025-11-27 02:42:33,935 - INFO - Val AP_0.5: 0.0000
2025-11-27 02:42:33,936 - INFO - Val AP_0.7: 0.0000
2025-11-27 02:42:33,936 - INFO - Val BEV_AP_0.5: 0.0000
2025-11-27 02:42:33,936 - INFO - Val BEV_AP_0.7: 0.0000
2025-11-27 02:42:34,042 - INFO - 保存模型检查点: /root/autodl-tmp/group project/checkpoints/best_model.pth
2025-11-27 02:44:02,039 - INFO - Train Epoch 12 | Avg Loss: 5.9162
2025-11-27 02:46:54,005 - INFO - Val Epoch 12 | Avg Loss: 5.9046
2025-11-27 02:46:54,006 - INFO - Val AP_0.5: 0.0000
2025-11-27 02:46:54,006 - INFO - Val AP_0.7: 0.0000
2025-11-27 02:46:54,006 - INFO - Val BEV_AP_0.5: 0.0000
2025-11-27 02:46:54,006 - INFO - Val BEV_AP_0.7: 0.0000
2025-11-27 02:46:54,083 - INFO - 保存模型检查点: /root/autodl-tmp/group project/checkpoints/best_model.pth
2025-11-27 02:48:23,019 - INFO - Train Epoch 13 | Avg Loss: 5.7502
2025-11-27 02:51:19,859 - INFO - Val Epoch 13 | Avg Loss: 7.8333
2025-11-27 02:51:19,872 - INFO - Val AP_0.5: 0.0000
2025-11-27 02:51:19,873 - INFO - Val AP_0.7: 0.0000
2025-11-27 02:51:19,873 - INFO - Val BEV_AP_0.5: 0.0000
2025-11-27 02:51:19,873 - INFO - Val BEV_AP_0.7: 0.0000
2025-11-27 02:51:19,874 - WARNING - 早停计数器: 1/8
2025-11-27 02:53:16,680 - INFO - Train Epoch 14 | Avg Loss: 5.6796
2025-11-27 02:56:10,503 - INFO - Val Epoch 14 | Avg Loss: 6.6076
2025-11-27 02:56:10,511 - INFO - Val AP_0.5: 0.0000
2025-11-27 02:56:10,511 - INFO - Val AP_0.7: 0.0000
2025-11-27 02:56:10,511 - INFO - Val BEV_AP_0.5: 0.0000
2025-11-27 02:56:10,511 - INFO - Val BEV_AP_0.7: 0.0000
2025-11-27 02:56:10,512 - WARNING - 早停计数器: 2/8
2025-11-27 02:57:40,202 - INFO - Train Epoch 15 | Avg Loss: 5.5713
2025-11-27 03:00:33,329 - INFO - Val Epoch 15 | Avg Loss: 5.9441
2025-11-27 03:00:33,330 - INFO - Val AP_0.5: 0.0000
2025-11-27 03:00:33,330 - INFO - Val AP_0.7: 0.0000
2025-11-27 03:00:33,330 - INFO - Val BEV_AP_0.5: 0.0000
2025-11-27 03:00:33,330 - INFO - Val BEV_AP_0.7: 0.0000
2025-11-27 03:00:33,330 - WARNING - 早停计数器: 3/8
2025-11-27 03:02:03,303 - INFO - Train Epoch 16 | Avg Loss: 5.5082
2025-11-27 03:02:03,646 - INFO - 可视化结果保存到: /root/autodl-tmp/group project/visualizations/epoch_16_vis.png
2025-11-27 03:04:57,005 - INFO - Val Epoch 16 | Avg Loss: 6.0928
2025-11-27 03:04:57,009 - INFO - Val AP_0.5: 0.0000
2025-11-27 03:04:57,009 - INFO - Val AP_0.7: 0.0000
2025-11-27 03:04:57,009 - INFO - Val BEV_AP_0.5: 0.0000
2025-11-27 03:04:57,009 - INFO - Val BEV_AP_0.7: 0.0000
2025-11-27 03:04:57,010 - WARNING - 早停计数器: 4/8
2025-11-27 03:06:38,007 - INFO - Train Epoch 17 | Avg Loss: 5.2085
2025-11-27 03:09:31,901 - INFO - Val Epoch 17 | Avg Loss: 5.6966
2025-11-27 03:09:31,901 - INFO - Val AP_0.5: 0.0000
2025-11-27 03:09:31,901 - INFO - Val AP_0.7: 0.0000
2025-11-27 03:09:31,901 - INFO - Val BEV_AP_0.5: 0.0000
2025-11-27 03:09:31,901 - INFO - Val BEV_AP_0.7: 0.0000
2025-11-27 03:09:32,068 - INFO - 保存模型检查点: /root/autodl-tmp/group project/checkpoints/best_model.pth
2025-11-27 03:11:01,388 - INFO - Train Epoch 18 | Avg Loss: 5.1517
2025-11-27 03:13:56,190 - INFO - Val Epoch 18 | Avg Loss: 5.5468
2025-11-27 03:13:56,190 - INFO - Val AP_0.5: 0.0000
2025-11-27 03:13:56,190 - INFO - Val AP_0.7: 0.0000
2025-11-27 03:13:56,190 - INFO - Val BEV_AP_0.5: 0.0000
2025-11-27 03:13:56,190 - INFO - Val BEV_AP_0.7: 0.0000
2025-11-27 03:13:56,280 - INFO - 保存模型检查点: /root/autodl-tmp/group project/checkpoints/best_model.pth
2025-11-27 03:15:26,739 - INFO - Train Epoch 19 | Avg Loss: 5.0396
2025-11-27 03:18:18,272 - INFO - Val Epoch 19 | Avg Loss: 5.5386
2025-11-27 03:18:18,274 - INFO - Val AP_0.5: 0.0000
2025-11-27 03:18:18,274 - INFO - Val AP_0.7: 0.0000
2025-11-27 03:18:18,274 - INFO - Val BEV_AP_0.5: 0.0000
2025-11-27 03:18:18,274 - INFO - Val BEV_AP_0.7: 0.0000
2025-11-27 03:18:18,354 - INFO - 保存模型检查点: /root/autodl-tmp/group project/checkpoints/best_model.pth
2025-11-27 03:19:46,258 - INFO - Train Epoch 20 | Avg Loss: 4.9785
2025-11-27 03:22:50,731 - INFO - Val Epoch 20 | Avg Loss: 5.5552
2025-11-27 03:22:50,736 - INFO - Val AP_0.5: 0.0000
2025-11-27 03:22:50,736 - INFO - Val AP_0.7: 0.0000
2025-11-27 03:22:50,736 - INFO - Val BEV_AP_0.5: 0.0000
2025-11-27 03:22:50,736 - INFO - Val BEV_AP_0.7: 0.0000
2025-11-27 03:22:50,736 - WARNING - 早停计数器: 1/8
2025-11-27 03:24:20,635 - INFO - Train Epoch 21 | Avg Loss: 4.9123
2025-11-27 03:24:20,952 - INFO - 可视化结果保存到: /root/autodl-tmp/group project/visualizations/epoch_21_vis.png
2025-11-27 03:27:12,990 - INFO - Val Epoch 21 | Avg Loss: 5.5730
2025-11-27 03:27:12,991 - INFO - Val AP_0.5: 0.0000
2025-11-27 03:27:12,991 - INFO - Val AP_0.7: 0.0000
2025-11-27 03:27:12,991 - INFO - Val BEV_AP_0.5: 0.0000
2025-11-27 03:27:12,991 - INFO - Val BEV_AP_0.7: 0.0000
2025-11-27 03:27:12,991 - WARNING - 早停计数器: 2/8
2025-11-27 03:28:40,272 - INFO - Train Epoch 22 | Avg Loss: 4.9283
2025-11-27 03:31:32,599 - INFO - Val Epoch 22 | Avg Loss: 5.6377
2025-11-27 03:31:32,600 - INFO - Val AP_0.5: 0.0000
2025-11-27 03:31:32,600 - INFO - Val AP_0.7: 0.0000
2025-11-27 03:31:32,600 - INFO - Val BEV_AP_0.5: 0.0000
2025-11-27 03:31:32,600 - INFO - Val BEV_AP_0.7: 0.0000
2025-11-27 03:31:32,600 - WARNING - 早停计数器: 3/8
2025-11-27 03:33:00,234 - INFO - Train Epoch 23 | Avg Loss: 4.8512
2025-11-27 03:35:52,184 - INFO - Val Epoch 23 | Avg Loss: 5.8166
2025-11-27 03:35:52,187 - INFO - Val AP_0.5: 0.0000
2025-11-27 03:35:52,187 - INFO - Val AP_0.7: 0.0000
2025-11-27 03:35:52,187 - INFO - Val BEV_AP_0.5: 0.0000
2025-11-27 03:35:52,187 - INFO - Val BEV_AP_0.7: 0.0000
2025-11-27 03:35:52,187 - WARNING - 早停计数器: 4/8
2025-11-27 03:37:21,861 - INFO - Train Epoch 24 | Avg Loss: 4.6900
2025-11-27 03:40:16,615 - INFO - Val Epoch 24 | Avg Loss: 5.4520
2025-11-27 03:40:16,620 - INFO - Val AP_0.5: 0.0000
2025-11-27 03:40:16,620 - INFO - Val AP_0.7: 0.0000
2025-11-27 03:40:16,620 - INFO - Val BEV_AP_0.5: 0.0000
2025-11-27 03:40:16,620 - INFO - Val BEV_AP_0.7: 0.0000
2025-11-27 03:40:16,779 - INFO - 保存模型检查点: /root/autodl-tmp/group project/checkpoints/best_model.pth
2025-11-27 03:41:47,334 - INFO - Train Epoch 25 | Avg Loss: 4.6434
2025-11-27 03:44:46,579 - INFO - Val Epoch 25 | Avg Loss: 5.3414
2025-11-27 03:44:46,583 - INFO - Val AP_0.5: 0.0000
2025-11-27 03:44:46,583 - INFO - Val AP_0.7: 0.0000
2025-11-27 03:44:46,583 - INFO - Val BEV_AP_0.5: 0.0000
2025-11-27 03:44:46,583 - INFO - Val BEV_AP_0.7: 0.0000
2025-11-27 03:44:46,649 - INFO - 保存模型检查点: /root/autodl-tmp/group project/checkpoints/best_model.pth
2025-11-27 03:46:17,671 - INFO - Train Epoch 26 | Avg Loss: 4.5934
2025-11-27 03:46:18,014 - INFO - 可视化结果保存到: /root/autodl-tmp/group project/visualizations/epoch_26_vis.png
2025-11-27 03:49:11,925 - INFO - Val Epoch 26 | Avg Loss: 5.4285
2025-11-27 03:49:11,926 - INFO - Val AP_0.5: 0.0000
2025-11-27 03:49:11,926 - INFO - Val AP_0.7: 0.0000
2025-11-27 03:49:11,926 - INFO - Val BEV_AP_0.5: 0.0000
2025-11-27 03:49:11,926 - INFO - Val BEV_AP_0.7: 0.0000
2025-11-27 03:49:11,926 - WARNING - 早停计数器: 1/8
2025-11-27 03:50:40,940 - INFO - Train Epoch 27 | Avg Loss: 4.5759
2025-11-27 03:53:35,040 - INFO - Val Epoch 27 | Avg Loss: 5.2608
2025-11-27 03:53:35,040 - INFO - Val AP_0.5: 0.0000
2025-11-27 03:53:35,040 - INFO - Val AP_0.7: 0.0000
2025-11-27 03:53:35,040 - INFO - Val BEV_AP_0.5: 0.0000
2025-11-27 03:53:35,041 - INFO - Val BEV_AP_0.7: 0.0000
2025-11-27 03:53:35,124 - INFO - 保存模型检查点: /root/autodl-tmp/group project/checkpoints/best_model.pth
2025-11-27 03:55:03,213 - INFO - Train Epoch 28 | Avg Loss: 4.5553
2025-11-27 03:57:57,874 - INFO - Val Epoch 28 | Avg Loss: 5.3029
2025-11-27 03:57:57,875 - INFO - Val AP_0.5: 0.0000
2025-11-27 03:57:57,875 - INFO - Val AP_0.7: 0.0000
2025-11-27 03:57:57,875 - INFO - Val BEV_AP_0.5: 0.0000
2025-11-27 03:57:57,875 - INFO - Val BEV_AP_0.7: 0.0000
2025-11-27 03:57:57,875 - WARNING - 早停计数器: 1/8
2025-11-27 03:59:26,545 - INFO - Train Epoch 29 | Avg Loss: 4.5471
2025-11-27 04:02:19,735 - INFO - Val Epoch 29 | Avg Loss: 5.3153
2025-11-27 04:02:19,736 - INFO - Val AP_0.5: 0.0000
2025-11-27 04:02:19,736 - INFO - Val AP_0.7: 0.0000
2025-11-27 04:02:19,736 - INFO - Val BEV_AP_0.5: 0.0000
2025-11-27 04:02:19,736 - INFO - Val BEV_AP_0.7: 0.0000
2025-11-27 04:02:19,736 - WARNING - 早停计数器: 2/8
2025-11-27 04:03:54,674 - INFO - Train Epoch 30 | Avg Loss: 4.5189
2025-11-27 04:06:50,764 - INFO - Val Epoch 30 | Avg Loss: 5.3024
2025-11-27 04:06:50,775 - INFO - Val AP_0.5: 0.0000
2025-11-27 04:06:50,775 - INFO - Val AP_0.7: 0.0000
2025-11-27 04:06:50,775 - INFO - Val BEV_AP_0.5: 0.0000
2025-11-27 04:06:50,775 - INFO - Val BEV_AP_0.7: 0.0000
2025-11-27 04:06:50,776 - WARNING - 早停计数器: 3/8
2025-11-27 04:08:29,742 - INFO - Train Epoch 31 | Avg Loss: 4.4418
2025-11-27 04:08:30,054 - INFO - 可视化结果保存到: /root/autodl-tmp/group project/visualizations/epoch_31_vis.png
2025-11-27 04:11:24,935 - INFO - Val Epoch 31 | Avg Loss: 5.3269
2025-11-27 04:11:24,935 - INFO - Val AP_0.5: 0.0000
2025-11-27 04:11:24,936 - INFO - Val AP_0.7: 0.0000
2025-11-27 04:11:24,936 - INFO - Val BEV_AP_0.5: 0.0000
2025-11-27 04:11:24,936 - INFO - Val BEV_AP_0.7: 0.0000
2025-11-27 04:11:24,937 - WARNING - 早停计数器: 4/8
2025-11-27 04:12:54,594 - INFO - Train Epoch 32 | Avg Loss: 4.4211
2025-11-27 04:15:56,435 - INFO - Val Epoch 32 | Avg Loss: 5.2683
2025-11-27 04:15:56,436 - INFO - Val AP_0.5: 0.0000
2025-11-27 04:15:56,436 - INFO - Val AP_0.7: 0.0000
2025-11-27 04:15:56,436 - INFO - Val BEV_AP_0.5: 0.0000
2025-11-27 04:15:56,436 - INFO - Val BEV_AP_0.7: 0.0000
2025-11-27 04:15:56,436 - WARNING - 早停计数器: 5/8
2025-11-27 04:17:23,509 - INFO - Train Epoch 33 | Avg Loss: 4.3653
2025-11-27 04:20:16,508 - INFO - Val Epoch 33 | Avg Loss: 5.2735
2025-11-27 04:20:16,508 - INFO - Val AP_0.5: 0.0000
2025-11-27 04:20:16,508 - INFO - Val AP_0.7: 0.0000
2025-11-27 04:20:16,508 - INFO - Val BEV_AP_0.5: 0.0000
2025-11-27 04:20:16,508 - INFO - Val BEV_AP_0.7: 0.0000
2025-11-27 04:20:16,508 - WARNING - 早停计数器: 6/8
2025-11-27 04:21:44,847 - INFO - Train Epoch 34 | Avg Loss: 4.3501
2025-11-27 04:24:39,010 - INFO - Val Epoch 34 | Avg Loss: 5.2432
2025-11-27 04:24:39,011 - INFO - Val AP_0.5: 0.0000
2025-11-27 04:24:39,011 - INFO - Val AP_0.7: 0.0000
2025-11-27 04:24:39,011 - INFO - Val BEV_AP_0.5: 0.0000
2025-11-27 04:24:39,011 - INFO - Val BEV_AP_0.7: 0.0000
2025-11-27 04:24:39,146 - INFO - 保存模型检查点: /root/autodl-tmp/group project/checkpoints/best_model.pth
2025-11-27 04:26:11,696 - INFO - Train Epoch 35 | Avg Loss: 4.3466
2025-11-27 04:29:05,927 - INFO - Val Epoch 35 | Avg Loss: 5.2228
2025-11-27 04:29:05,928 - INFO - Val AP_0.5: 0.0000
2025-11-27 04:29:05,928 - INFO - Val AP_0.7: 0.0000
2025-11-27 04:29:05,928 - INFO - Val BEV_AP_0.5: 0.0000
2025-11-27 04:29:05,928 - INFO - Val BEV_AP_0.7: 0.0000
2025-11-27 04:29:06,014 - INFO - 保存模型检查点: /root/autodl-tmp/group project/checkpoints/best_model.pth
2025-11-27 04:30:34,378 - INFO - Train Epoch 36 | Avg Loss: 4.3433
2025-11-27 04:30:34,692 - INFO - 可视化结果保存到: /root/autodl-tmp/group project/visualizations/epoch_36_vis.png
2025-11-27 04:33:28,942 - INFO - Val Epoch 36 | Avg Loss: 5.2414
2025-11-27 04:33:28,942 - INFO - Val AP_0.5: 0.0000
2025-11-27 04:33:28,942 - INFO - Val AP_0.7: 0.0000
2025-11-27 04:33:28,942 - INFO - Val BEV_AP_0.5: 0.0000
2025-11-27 04:33:28,942 - INFO - Val BEV_AP_0.7: 0.0000
2025-11-27 04:33:28,942 - WARNING - 早停计数器: 1/8
2025-11-27 04:34:58,198 - INFO - Train Epoch 37 | Avg Loss: 4.2813
2025-11-27 04:37:55,611 - INFO - Val Epoch 37 | Avg Loss: 5.2536
2025-11-27 04:37:55,613 - INFO - Val AP_0.5: 0.0000
2025-11-27 04:37:55,614 - INFO - Val AP_0.7: 0.0000
2025-11-27 04:37:55,614 - INFO - Val BEV_AP_0.5: 0.0000
2025-11-27 04:37:55,614 - INFO - Val BEV_AP_0.7: 0.0000
2025-11-27 04:37:55,614 - WARNING - 早停计数器: 2/8
2025-11-27 04:39:28,731 - INFO - Train Epoch 38 | Avg Loss: 4.3262
2025-11-27 04:42:25,073 - INFO - Val Epoch 38 | Avg Loss: 5.2391
2025-11-27 04:42:25,074 - INFO - Val AP_0.5: 0.0000
2025-11-27 04:42:25,074 - INFO - Val AP_0.7: 0.0000
2025-11-27 04:42:25,074 - INFO - Val BEV_AP_0.5: 0.0000
2025-11-27 04:42:25,074 - INFO - Val BEV_AP_0.7: 0.0000
2025-11-27 04:42:25,074 - WARNING - 早停计数器: 3/8
2025-11-27 04:43:55,646 - INFO - Train Epoch 39 | Avg Loss: 4.3161
2025-11-27 04:46:49,577 - INFO - Val Epoch 39 | Avg Loss: 5.2117
2025-11-27 04:46:49,578 - INFO - Val AP_0.5: 0.0000
2025-11-27 04:46:49,578 - INFO - Val AP_0.7: 0.0000
2025-11-27 04:46:49,578 - INFO - Val BEV_AP_0.5: 0.0000
2025-11-27 04:46:49,579 - INFO - Val BEV_AP_0.7: 0.0000
2025-11-27 04:46:49,659 - INFO - 保存模型检查点: /root/autodl-tmp/group project/checkpoints/best_model.pth
2025-11-27 04:48:18,714 - INFO - Train Epoch 40 | Avg Loss: 4.2740
2025-11-27 04:51:12,945 - INFO - Val Epoch 40 | Avg Loss: 5.2996
2025-11-27 04:51:12,948 - INFO - Val AP_0.5: 0.0000
2025-11-27 04:51:12,948 - INFO - Val AP_0.7: 0.0000
2025-11-27 04:51:12,948 - INFO - Val BEV_AP_0.5: 0.0000
2025-11-27 04:51:12,948 - INFO - Val BEV_AP_0.7: 0.0000
2025-11-27 04:51:12,949 - WARNING - 早停计数器: 1/8
2025-11-27 04:52:42,188 - INFO - Train Epoch 41 | Avg Loss: 4.2925
2025-11-27 04:52:42,500 - INFO - 可视化结果保存到: /root/autodl-tmp/group project/visualizations/epoch_41_vis.png
2025-11-27 04:55:37,980 - INFO - Val Epoch 41 | Avg Loss: 5.2459
2025-11-27 04:55:37,982 - INFO - Val AP_0.5: 0.0000
2025-11-27 04:55:37,982 - INFO - Val AP_0.7: 0.0000
2025-11-27 04:55:37,982 - INFO - Val BEV_AP_0.5: 0.0000
2025-11-27 04:55:37,982 - INFO - Val BEV_AP_0.7: 0.0000
2025-11-27 04:55:37,982 - WARNING - 早停计数器: 2/8
2025-11-27 04:57:13,371 - INFO - Train Epoch 42 | Avg Loss: 4.2557
2025-11-27 05:00:08,216 - INFO - Val Epoch 42 | Avg Loss: 5.2382
2025-11-27 05:00:08,219 - INFO - Val AP_0.5: 0.0000
2025-11-27 05:00:08,219 - INFO - Val AP_0.7: 0.0000
2025-11-27 05:00:08,220 - INFO - Val BEV_AP_0.5: 0.0000
2025-11-27 05:00:08,220 - INFO - Val BEV_AP_0.7: 0.0000
2025-11-27 05:00:08,220 - WARNING - 早停计数器: 3/8
2025-11-27 05:01:37,719 - INFO - Train Epoch 43 | Avg Loss: 4.2280
2025-11-27 05:04:30,438 - INFO - Val Epoch 43 | Avg Loss: 5.1930
2025-11-27 05:04:30,439 - INFO - Val AP_0.5: 0.0000
2025-11-27 05:04:30,439 - INFO - Val AP_0.7: 0.0000
2025-11-27 05:04:30,439 - INFO - Val BEV_AP_0.5: 0.0000
2025-11-27 05:04:30,439 - INFO - Val BEV_AP_0.7: 0.0000
2025-11-27 05:04:30,513 - INFO - 保存模型检查点: /root/autodl-tmp/group project/checkpoints/best_model.pth
2025-11-27 05:05:58,935 - INFO - Train Epoch 44 | Avg Loss: 4.2465
2025-11-27 05:08:54,379 - INFO - Val Epoch 44 | Avg Loss: 5.2309
2025-11-27 05:08:54,383 - INFO - Val AP_0.5: 0.0000
2025-11-27 05:08:54,383 - INFO - Val AP_0.7: 0.0000
2025-11-27 05:08:54,383 - INFO - Val BEV_AP_0.5: 0.0000
2025-11-27 05:08:54,383 - INFO - Val BEV_AP_0.7: 0.0000
2025-11-27 05:08:54,383 - WARNING - 早停计数器: 1/8
2025-11-27 05:10:29,432 - INFO - Train Epoch 45 | Avg Loss: 4.2463
2025-11-27 05:13:23,939 - INFO - Val Epoch 45 | Avg Loss: 5.2687
2025-11-27 05:13:23,960 - INFO - Val AP_0.5: 0.0000
2025-11-27 05:13:23,962 - INFO - Val AP_0.7: 0.0000
2025-11-27 05:13:23,962 - INFO - Val BEV_AP_0.5: 0.0000
2025-11-27 05:13:23,962 - INFO - Val BEV_AP_0.7: 0.0000
2025-11-27 05:13:23,962 - WARNING - 早停计数器: 2/8
2025-11-27 05:14:52,172 - INFO - Train Epoch 46 | Avg Loss: 4.2456
2025-11-27 05:14:52,486 - INFO - 可视化结果保存到: /root/autodl-tmp/group project/visualizations/epoch_46_vis.png
2025-11-27 05:17:47,384 - INFO - Val Epoch 46 | Avg Loss: 5.2091
2025-11-27 05:17:47,386 - INFO - Val AP_0.5: 0.0000
2025-11-27 05:17:47,386 - INFO - Val AP_0.7: 0.0000
2025-11-27 05:17:47,386 - INFO - Val BEV_AP_0.5: 0.0000
2025-11-27 05:17:47,386 - INFO - Val BEV_AP_0.7: 0.0000
2025-11-27 05:17:47,387 - WARNING - 早停计数器: 3/8
2025-11-27 05:19:17,488 - INFO - Train Epoch 47 | Avg Loss: 4.1952
2025-11-27 05:22:10,762 - INFO - Val Epoch 47 | Avg Loss: 5.1972
2025-11-27 05:22:10,764 - INFO - Val AP_0.5: 0.0000
2025-11-27 05:22:10,764 - INFO - Val AP_0.7: 0.0000
2025-11-27 05:22:10,764 - INFO - Val BEV_AP_0.5: 0.0000
2025-11-27 05:22:10,764 - INFO - Val BEV_AP_0.7: 0.0000
2025-11-27 05:22:10,764 - WARNING - 早停计数器: 4/8
2025-11-27 05:23:40,967 - INFO - Train Epoch 48 | Avg Loss: 4.1771
2025-11-27 05:26:37,228 - INFO - Val Epoch 48 | Avg Loss: 5.2186
2025-11-27 05:26:37,229 - INFO - Val AP_0.5: 0.0000
2025-11-27 05:26:37,229 - INFO - Val AP_0.7: 0.0000
2025-11-27 05:26:37,230 - INFO - Val BEV_AP_0.5: 0.0000
2025-11-27 05:26:37,230 - INFO - Val BEV_AP_0.7: 0.0000
2025-11-27 05:26:37,230 - WARNING - 早停计数器: 5/8
2025-11-27 05:28:04,833 - INFO - Train Epoch 49 | Avg Loss: 4.1419
2025-11-27 05:30:59,611 - INFO - Val Epoch 49 | Avg Loss: 5.1964
2025-11-27 05:30:59,616 - INFO - Val AP_0.5: 0.0000
2025-11-27 05:30:59,616 - INFO - Val AP_0.7: 0.0000
2025-11-27 05:30:59,616 - INFO - Val BEV_AP_0.5: 0.0000
2025-11-27 05:30:59,616 - INFO - Val BEV_AP_0.7: 0.0000
2025-11-27 05:30:59,616 - WARNING - 早停计数器: 6/8
2025-11-27 05:32:32,246 - INFO - Train Epoch 50 | Avg Loss: 4.1482
2025-11-27 05:35:25,422 - INFO - Val Epoch 50 | Avg Loss: 5.1819
2025-11-27 05:35:25,422 - INFO - Val AP_0.5: 0.0000
2025-11-27 05:35:25,423 - INFO - Val AP_0.7: 0.0000
2025-11-27 05:35:25,423 - INFO - Val BEV_AP_0.5: 0.0000
2025-11-27 05:35:25,423 - INFO - Val BEV_AP_0.7: 0.0000
2025-11-27 05:35:25,548 - INFO - 保存模型检查点: /root/autodl-tmp/group project/checkpoints/best_model.pth
2025-11-27 05:35:25,549 - INFO - 训练完成！
2025-11-27 05:35:25,549 - INFO - 最佳验证损失: 5.1819
